[2020-02-23 23:22:37] [main] |DEBUG| (Log.java) myLogger - Parsing CLI
[2020-02-23 23:22:37] [main] |INFO | (Log.java) myLogger - Parsing clis by JCommander
[2020-02-23 23:22:37] [main] |DEBUG| (Log.java) myLogger - Setting properties
[2020-02-23 23:22:37] [main] |DEBUG| (Log.java) myLogger - Starting
[2020-02-23 23:22:38] [main] |DEBUG| (RequestAddCookies.java) protocol.RequestAddCookies - CookieSpec selected: standard
[2020-02-23 23:22:38] [main] |DEBUG| (RequestAuthCache.java) protocol.RequestAuthCache - Auth cache not set in the context
[2020-02-23 23:22:38] [main] |DEBUG| (PoolingHttpClientConnectionManager.java) conn.PoolingHttpClientConnectionManager - Connection request: [route: {s}->https://raw.githubusercontent.com:443][total kept alive: 0; route allocated: 0 of 2; total allocated: 0 of 20]
[2020-02-23 23:22:38] [main] |DEBUG| (PoolingHttpClientConnectionManager.java) conn.PoolingHttpClientConnectionManager - Connection leased: [id: 0][route: {s}->https://raw.githubusercontent.com:443][total kept alive: 0; route allocated: 1 of 2; total allocated: 1 of 20]
[2020-02-23 23:22:38] [main] |DEBUG| (MainClientExec.java) execchain.MainClientExec - Opening connection {s}->https://raw.githubusercontent.com:443
[2020-02-23 23:22:38] [main] |DEBUG| (DefaultHttpClientConnectionOperator.java) conn.DefaultHttpClientConnectionOperator - Connecting to raw.githubusercontent.com/151.101.112.133:443
[2020-02-23 23:22:38] [main] |DEBUG| (SSLConnectionSocketFactory.java) ssl.SSLConnectionSocketFactory - Connecting socket to raw.githubusercontent.com/151.101.112.133:443 with timeout 0
[2020-02-23 23:22:38] [main] |DEBUG| (SSLConnectionSocketFactory.java) ssl.SSLConnectionSocketFactory - Enabled protocols: [TLSv1, TLSv1.1, TLSv1.2]
[2020-02-23 23:22:38] [main] |DEBUG| (SSLConnectionSocketFactory.java) ssl.SSLConnectionSocketFactory - Enabled cipher suites:[TLS_ECDHE_ECDSA_WITH_AES_256_CBC_SHA384, TLS_ECDHE_RSA_WITH_AES_256_CBC_SHA384, TLS_RSA_WITH_AES_256_CBC_SHA256, TLS_ECDH_ECDSA_WITH_AES_256_CBC_SHA384, TLS_ECDH_RSA_WITH_AES_256_CBC_SHA384, TLS_DHE_RSA_WITH_AES_256_CBC_SHA256, TLS_DHE_DSS_WITH_AES_256_CBC_SHA256, TLS_ECDHE_ECDSA_WITH_AES_256_CBC_SHA, TLS_ECDHE_RSA_WITH_AES_256_CBC_SHA, TLS_RSA_WITH_AES_256_CBC_SHA, TLS_ECDH_ECDSA_WITH_AES_256_CBC_SHA, TLS_ECDH_RSA_WITH_AES_256_CBC_SHA, TLS_DHE_RSA_WITH_AES_256_CBC_SHA, TLS_DHE_DSS_WITH_AES_256_CBC_SHA, TLS_ECDHE_ECDSA_WITH_AES_128_CBC_SHA256, TLS_ECDHE_RSA_WITH_AES_128_CBC_SHA256, TLS_RSA_WITH_AES_128_CBC_SHA256, TLS_ECDH_ECDSA_WITH_AES_128_CBC_SHA256, TLS_ECDH_RSA_WITH_AES_128_CBC_SHA256, TLS_DHE_RSA_WITH_AES_128_CBC_SHA256, TLS_DHE_DSS_WITH_AES_128_CBC_SHA256, TLS_ECDHE_ECDSA_WITH_AES_128_CBC_SHA, TLS_ECDHE_RSA_WITH_AES_128_CBC_SHA, TLS_RSA_WITH_AES_128_CBC_SHA, TLS_ECDH_ECDSA_WITH_AES_128_CBC_SHA, TLS_ECDH_RSA_WITH_AES_128_CBC_SHA, TLS_DHE_RSA_WITH_AES_128_CBC_SHA, TLS_DHE_DSS_WITH_AES_128_CBC_SHA, TLS_ECDHE_ECDSA_WITH_AES_256_GCM_SHA384, TLS_ECDHE_ECDSA_WITH_AES_128_GCM_SHA256, TLS_ECDHE_RSA_WITH_AES_256_GCM_SHA384, TLS_RSA_WITH_AES_256_GCM_SHA384, TLS_ECDH_ECDSA_WITH_AES_256_GCM_SHA384, TLS_ECDH_RSA_WITH_AES_256_GCM_SHA384, TLS_DHE_RSA_WITH_AES_256_GCM_SHA384, TLS_DHE_DSS_WITH_AES_256_GCM_SHA384, TLS_ECDHE_RSA_WITH_AES_128_GCM_SHA256, TLS_RSA_WITH_AES_128_GCM_SHA256, TLS_ECDH_ECDSA_WITH_AES_128_GCM_SHA256, TLS_ECDH_RSA_WITH_AES_128_GCM_SHA256, TLS_DHE_RSA_WITH_AES_128_GCM_SHA256, TLS_DHE_DSS_WITH_AES_128_GCM_SHA256, TLS_EMPTY_RENEGOTIATION_INFO_SCSV]
[2020-02-23 23:22:38] [main] |DEBUG| (SSLConnectionSocketFactory.java) ssl.SSLConnectionSocketFactory - Starting handshake
[2020-02-23 23:22:38] [main] |DEBUG| (SSLConnectionSocketFactory.java) ssl.SSLConnectionSocketFactory - Secure session established
[2020-02-23 23:22:38] [main] |DEBUG| (SSLConnectionSocketFactory.java) ssl.SSLConnectionSocketFactory -  negotiated protocol: TLSv1.2
[2020-02-23 23:22:38] [main] |DEBUG| (SSLConnectionSocketFactory.java) ssl.SSLConnectionSocketFactory -  negotiated cipher suite: TLS_ECDHE_RSA_WITH_AES_128_GCM_SHA256
[2020-02-23 23:22:38] [main] |DEBUG| (SSLConnectionSocketFactory.java) ssl.SSLConnectionSocketFactory -  peer principal: CN=www.github.com, O="GitHub, Inc.", L=San Francisco, ST=California, C=US
[2020-02-23 23:22:38] [main] |DEBUG| (SSLConnectionSocketFactory.java) ssl.SSLConnectionSocketFactory -  peer alternative names: [www.github.com, *.github.com, github.com, *.github.io, github.io, *.githubusercontent.com, githubusercontent.com]
[2020-02-23 23:22:38] [main] |DEBUG| (SSLConnectionSocketFactory.java) ssl.SSLConnectionSocketFactory -  issuer principal: CN=DigiCert SHA2 High Assurance Server CA, OU=www.digicert.com, O=DigiCert Inc, C=US
[2020-02-23 23:22:38] [main] |DEBUG| (DefaultHttpClientConnectionOperator.java) conn.DefaultHttpClientConnectionOperator - Connection established 192.168.0.103:59080<->151.101.112.133:443
[2020-02-23 23:22:38] [main] |DEBUG| (LoggingManagedHttpClientConnection.java) conn.DefaultManagedHttpClientConnection - http-outgoing-0: set socket timeout to 30000
[2020-02-23 23:22:38] [main] |DEBUG| (MainClientExec.java) execchain.MainClientExec - Executing request GET /bonigarcia/webdrivermanager/master/src/main/resources/versions.properties HTTP/1.1
[2020-02-23 23:22:38] [main] |DEBUG| (MainClientExec.java) execchain.MainClientExec - Target auth state: UNCHALLENGED
[2020-02-23 23:22:38] [main] |DEBUG| (MainClientExec.java) execchain.MainClientExec - Proxy auth state: UNCHALLENGED
[2020-02-23 23:22:38] [main] |DEBUG| (LoggingManagedHttpClientConnection.java) http.headers - http-outgoing-0 >> GET /bonigarcia/webdrivermanager/master/src/main/resources/versions.properties HTTP/1.1
[2020-02-23 23:22:38] [main] |DEBUG| (LoggingManagedHttpClientConnection.java) http.headers - http-outgoing-0 >> User-Agent: Apache-HttpClient/4.5.6
[2020-02-23 23:22:38] [main] |DEBUG| (LoggingManagedHttpClientConnection.java) http.headers - http-outgoing-0 >> Connection: keep-alive
[2020-02-23 23:22:38] [main] |DEBUG| (LoggingManagedHttpClientConnection.java) http.headers - http-outgoing-0 >> Host: raw.githubusercontent.com
[2020-02-23 23:22:38] [main] |DEBUG| (LoggingManagedHttpClientConnection.java) http.headers - http-outgoing-0 >> Accept-Encoding: gzip,deflate
[2020-02-23 23:22:38] [main] |DEBUG| (Wire.java) http.wire - http-outgoing-0 >> "GET /bonigarcia/webdrivermanager/master/src/main/resources/versions.properties HTTP/1.1[\r][\n]"
[2020-02-23 23:22:38] [main] |DEBUG| (Wire.java) http.wire - http-outgoing-0 >> "User-Agent: Apache-HttpClient/4.5.6[\r][\n]"
[2020-02-23 23:22:38] [main] |DEBUG| (Wire.java) http.wire - http-outgoing-0 >> "Connection: keep-alive[\r][\n]"
[2020-02-23 23:22:38] [main] |DEBUG| (Wire.java) http.wire - http-outgoing-0 >> "Host: raw.githubusercontent.com[\r][\n]"
[2020-02-23 23:22:38] [main] |DEBUG| (Wire.java) http.wire - http-outgoing-0 >> "Accept-Encoding: gzip,deflate[\r][\n]"
[2020-02-23 23:22:38] [main] |DEBUG| (Wire.java) http.wire - http-outgoing-0 >> "[\r][\n]"
[2020-02-23 23:22:39] [main] |DEBUG| (Wire.java) http.wire - http-outgoing-0 << "HTTP/1.1 200 OK[\r][\n]"
[2020-02-23 23:22:39] [main] |DEBUG| (Wire.java) http.wire - http-outgoing-0 << "Content-Security-Policy: default-src 'none'; style-src 'unsafe-inline'; sandbox[\r][\n]"
[2020-02-23 23:22:39] [main] |DEBUG| (Wire.java) http.wire - http-outgoing-0 << "Strict-Transport-Security: max-age=31536000[\r][\n]"
[2020-02-23 23:22:39] [main] |DEBUG| (Wire.java) http.wire - http-outgoing-0 << "X-Content-Type-Options: nosniff[\r][\n]"
[2020-02-23 23:22:39] [main] |DEBUG| (Wire.java) http.wire - http-outgoing-0 << "X-Frame-Options: deny[\r][\n]"
[2020-02-23 23:22:39] [main] |DEBUG| (Wire.java) http.wire - http-outgoing-0 << "X-XSS-Protection: 1; mode=block[\r][\n]"
[2020-02-23 23:22:39] [main] |DEBUG| (Wire.java) http.wire - http-outgoing-0 << "ETag: W/"5b88c7c4083ed3e0ffab934353167ae0a4e90b5b28eb8e8d884df57b3a076ea4"[\r][\n]"
[2020-02-23 23:22:39] [main] |DEBUG| (Wire.java) http.wire - http-outgoing-0 << "Content-Type: text/plain; charset=utf-8[\r][\n]"
[2020-02-23 23:22:39] [main] |DEBUG| (Wire.java) http.wire - http-outgoing-0 << "Cache-Control: max-age=300[\r][\n]"
[2020-02-23 23:22:39] [main] |DEBUG| (Wire.java) http.wire - http-outgoing-0 << "X-Geo-Block-List:[\r][\n]"
[2020-02-23 23:22:39] [main] |DEBUG| (Wire.java) http.wire - http-outgoing-0 << "Via: 1.1 varnish (Varnish/6.0)[\r][\n]"
[2020-02-23 23:22:39] [main] |DEBUG| (Wire.java) http.wire - http-outgoing-0 << "X-GitHub-Request-Id: BC08:0772:9A010:C7CE6:5E52CC75[\r][\n]"
[2020-02-23 23:22:39] [main] |DEBUG| (Wire.java) http.wire - http-outgoing-0 << "Content-Encoding: gzip[\r][\n]"
[2020-02-23 23:22:39] [main] |DEBUG| (Wire.java) http.wire - http-outgoing-0 << "Content-Length: 701[\r][\n]"
[2020-02-23 23:22:39] [main] |DEBUG| (Wire.java) http.wire - http-outgoing-0 << "Accept-Ranges: bytes[\r][\n]"
[2020-02-23 23:22:39] [main] |DEBUG| (Wire.java) http.wire - http-outgoing-0 << "Date: Sun, 23 Feb 2020 20:22:35 GMT[\r][\n]"
[2020-02-23 23:22:39] [main] |DEBUG| (Wire.java) http.wire - http-outgoing-0 << "Via: 1.1 varnish[\r][\n]"
[2020-02-23 23:22:39] [main] |DEBUG| (Wire.java) http.wire - http-outgoing-0 << "Connection: keep-alive[\r][\n]"
[2020-02-23 23:22:39] [main] |DEBUG| (Wire.java) http.wire - http-outgoing-0 << "X-Served-By: cache-hhn4032-HHN[\r][\n]"
[2020-02-23 23:22:39] [main] |DEBUG| (Wire.java) http.wire - http-outgoing-0 << "X-Cache: HIT, HIT[\r][\n]"
[2020-02-23 23:22:39] [main] |DEBUG| (Wire.java) http.wire - http-outgoing-0 << "X-Cache-Hits: 2, 1[\r][\n]"
[2020-02-23 23:22:39] [main] |DEBUG| (Wire.java) http.wire - http-outgoing-0 << "X-Timer: S1582489355.144908,VS0,VE98[\r][\n]"
[2020-02-23 23:22:39] [main] |DEBUG| (Wire.java) http.wire - http-outgoing-0 << "Vary: Authorization,Accept-Encoding[\r][\n]"
[2020-02-23 23:22:39] [main] |DEBUG| (Wire.java) http.wire - http-outgoing-0 << "Access-Control-Allow-Origin: *[\r][\n]"
[2020-02-23 23:22:39] [main] |DEBUG| (Wire.java) http.wire - http-outgoing-0 << "X-Fastly-Request-ID: ed3bcc55126befcbc6d69ca242c16bfc1ef8a151[\r][\n]"
[2020-02-23 23:22:39] [main] |DEBUG| (Wire.java) http.wire - http-outgoing-0 << "Expires: Sun, 23 Feb 2020 20:27:35 GMT[\r][\n]"
[2020-02-23 23:22:39] [main] |DEBUG| (Wire.java) http.wire - http-outgoing-0 << "Source-Age: 12[\r][\n]"
[2020-02-23 23:22:39] [main] |DEBUG| (Wire.java) http.wire - http-outgoing-0 << "[\r][\n]"
[2020-02-23 23:22:39] [main] |DEBUG| (Wire.java) http.wire - http-outgoing-0 << "[0x1f][0x8b][0x8][0x0][0x0][0x0][0x0][0x0][0x0][0x3][0x8d][0x95][0xcb][0xae][0xdb] [0x10]@[0xf7][0xf9][\n]"
[2020-02-23 23:22:39] [main] |DEBUG| (Wire.java) http.wire - http-outgoing-0 << "[0xa4][0xbb]i[0x17][0xc1][0xbc][0xc1][0x91][0xd8][0xf4][0xb9][0xaa][0xba]h[0xc0]IHb][0xc7]D[0xd8][0xb9]i[0xfb][0xf5][0xe5][0xe9]r[0xad]V[0xea][0xf2][0x1c][0xc3]0b[0x98][0xf1][0x13][0xf8]~[0xe9]'p[0xea][0x7][0x3][0xe]v[0x9c][0xbb]~[0x9c][0xc0]|1[0xe0]y[0xb4][0x8f][0x11][0xbc][0x18]7[0xf5][0xd6][0xab][0x93]u[0xe0][0xe8][0xfa][0xc0][0xe0][0xcd][0xbe][0x1f];[0xf7][0xf3][0xad][0xdf]p[0xbd]us[0xbf][0xf7]{[0x1f][0xfd]|[0x89][0xfb][0xe][0xd6]93[0xdd][0xec]x[0xec][0xc7]3[0xd8];[0xfb][0x98][0x8c]+q6[0x9b]'[0xf0].[0xa9][0x1d][0xf8]l[0xed][0xd9][0xef]|q[0xf6]j[0xc0][0x16]|[0x88][0xe1]w[0xe0][0x10]E:[0xcc][0xaf][0xff]f[0xef][0xee]`v[0xe0]2[0xcf][0xb7]][0xd3][0xd4]_a[0x84][0xfe]~[0x85][0xd6][0x9d][0x9b][0xa3]Ox[0xb0][0xdd]q[0xda][0xa4]5[\n]"
[2020-02-23 23:22:39] [main] |DEBUG| (Wire.java) http.wire - http-outgoing-0 << "k[0x85]![0x82][0xc]1[0x6][0x9]*[0x16]i[0x85][0xbc][0xa5][0xad][0x92][0x10]#[0x91][0xb5]l[0xb5]l[0xa3]f[0x1c][0xd2][0xc5]*-U[0xb4][0x88][0xf9][0xc5][0xbc]h[0xa9][0xa5][0xc]Z[0x9][0xee][0xc3][0x17]+[0xb4][0x14][0xd1][0xa2][0x16]b[0xb2][0xc4][0xe0]Z[0xf2][0xa0][0xa5]D[0x10][0xff]Y[0xcd][0xb4]dQ[0x93][0x16].k[0xa9][0x96]4H[0xa1]([0x14][0xaa]X[0xa2][0x9]d[0xcb][0x1a][0xfc][0x8a]P[0xa0][0x92][0x98]h[0x3][0xb1]B*[0x10])$[0x3][0xe1]B"PIFpO[0xb4][0x9c]'X Y[0x88][0x6]*[0xe7][0x89][0x90][0xb]][0xce][0xb][0xb9][0xd0][0xe5][0xbc][0x90][0xb][0xa5][0xaf][0x8a][0xfc][0xc5][0xfe][0xea][0x87][0xa1][0x3][0x9f]zgN[0xf6]GU[0xe6][0xb3]9<[0xdb][0xbf]Vy[0xf2]e>[0xfb][0xf7]t[0xdf]C[0xff][0xc2][0x9a]k[\n]"
[2020-02-23 23:22:39] [main] |DEBUG| (Wire.java) http.wire - http-outgoing-0 << "[0xd1]T[0x1b][0x1a]g[0x6][0xd3]Mf[0xda][0x9c]R\E[0x8][0x12][0xfb][0x8b][0xc0]k[0x81]V[0xc2][0xdf][0xd5]J[0xa8] x%d[0x10][0xac][0x12]b-[0xf8]Z[0xb0] h%[0xe8]Z[0xc4]LI%b[0xa6][0xb8][0x12]h%x[0xbb][0x16]j-[0xe4]Z[0xc4]LQ%x[0x11]uu[0xbe][0xde][0x8c][0xeb][0xaa][0x9a][0xd8][0xc0][0xff]S[0x93][0xb8]p[0xb2][0xa7][0xf9][0xd1]9[0x93][0xa8][0xf4][0xe2][0xba]B[0xf1][0xa3][0xbf][0xb9]?[0xed]%[0xdb],y[0xd5]]Jf[0xc9][0xaa][0xde][0xc2][0xbe]m[0x93][0xa5]uoQ[0x92]-[0xa9][[0xb][0x95][0xb5][0xb9]%"[0xf0][0xb6][0x86][0xdc][0x10][0x9]r?$[0xc8][0xed][0x90] wC[0x82][0xdc][0xc][0x9]r/$[0xc8][0xad][0x90][0x0][0xa7][0xb7][0x9f][0x0]U[0xc0]B[0x6]%c[0x16]2[0xa0][0xf9][0x1c][0x16]2 [0xf9]2[0x98]H[0xf0][0xaa]y[0xfa][0x83][0xb3][0xe1][0x96][0xc1][0xc7][0xe3][0xb9][0x1e][0x91][0xd7][0xc9]x[0xf1][0xcf]B[0x1d][0xcd][0x8b][0x19]BTx-[0x11]b[0xd5][0xcc][0xb8][0xbd]O[0xcd][0xe2][0xb6]!H3[;L[0xcd][0xc3][0xec]s[0xe1]6[0xc1].[0xb3][0x13][0xb]_[0x84][0xa4][0xca][0xe0][0x14][0x18]r[0x19][0xd5]24qx[0xe0][0xd1][0xe4][0x81]IB[\r][0x93][0xc9][0xb3][0x92][0xd0][0xc5][0xe4]9[0x89][0xd5][0xb2]+[0x8f]HL[0xdb]0[0xa8][0x83]bL[0xdf][0x9c][0xd9][0xfa][0xbf][0xd1][0xdc][\r][0x83]9&I[0xb4]OGb?q"b[0xed][0x9f][0x88] m[0x9b][0x10]i?[0xa4]9[0x12]4"U[0x9a][0xfa]yK[0xdb][0x84]$[0x14][0xd5][0x8f]p%[0x12]"[0x8d]=[0x12]_[0xf3][0xdf][0xc0],[0xe6][0xcd][0x3][0x7][0x0][0x0]"
[2020-02-23 23:22:39] [main] |DEBUG| (LoggingManagedHttpClientConnection.java) http.headers - http-outgoing-0 << HTTP/1.1 200 OK
[2020-02-23 23:22:39] [main] |DEBUG| (LoggingManagedHttpClientConnection.java) http.headers - http-outgoing-0 << Content-Security-Policy: default-src 'none'; style-src 'unsafe-inline'; sandbox
[2020-02-23 23:22:39] [main] |DEBUG| (LoggingManagedHttpClientConnection.java) http.headers - http-outgoing-0 << Strict-Transport-Security: max-age=31536000
[2020-02-23 23:22:39] [main] |DEBUG| (LoggingManagedHttpClientConnection.java) http.headers - http-outgoing-0 << X-Content-Type-Options: nosniff
[2020-02-23 23:22:39] [main] |DEBUG| (LoggingManagedHttpClientConnection.java) http.headers - http-outgoing-0 << X-Frame-Options: deny
[2020-02-23 23:22:39] [main] |DEBUG| (LoggingManagedHttpClientConnection.java) http.headers - http-outgoing-0 << X-XSS-Protection: 1; mode=block
[2020-02-23 23:22:39] [main] |DEBUG| (LoggingManagedHttpClientConnection.java) http.headers - http-outgoing-0 << ETag: W/"5b88c7c4083ed3e0ffab934353167ae0a4e90b5b28eb8e8d884df57b3a076ea4"
[2020-02-23 23:22:39] [main] |DEBUG| (LoggingManagedHttpClientConnection.java) http.headers - http-outgoing-0 << Content-Type: text/plain; charset=utf-8
[2020-02-23 23:22:39] [main] |DEBUG| (LoggingManagedHttpClientConnection.java) http.headers - http-outgoing-0 << Cache-Control: max-age=300
[2020-02-23 23:22:39] [main] |DEBUG| (LoggingManagedHttpClientConnection.java) http.headers - http-outgoing-0 << X-Geo-Block-List:
[2020-02-23 23:22:39] [main] |DEBUG| (LoggingManagedHttpClientConnection.java) http.headers - http-outgoing-0 << Via: 1.1 varnish (Varnish/6.0)
[2020-02-23 23:22:39] [main] |DEBUG| (LoggingManagedHttpClientConnection.java) http.headers - http-outgoing-0 << X-GitHub-Request-Id: BC08:0772:9A010:C7CE6:5E52CC75
[2020-02-23 23:22:39] [main] |DEBUG| (LoggingManagedHttpClientConnection.java) http.headers - http-outgoing-0 << Content-Encoding: gzip
[2020-02-23 23:22:39] [main] |DEBUG| (LoggingManagedHttpClientConnection.java) http.headers - http-outgoing-0 << Content-Length: 701
[2020-02-23 23:22:39] [main] |DEBUG| (LoggingManagedHttpClientConnection.java) http.headers - http-outgoing-0 << Accept-Ranges: bytes
[2020-02-23 23:22:39] [main] |DEBUG| (LoggingManagedHttpClientConnection.java) http.headers - http-outgoing-0 << Date: Sun, 23 Feb 2020 20:22:35 GMT
[2020-02-23 23:22:39] [main] |DEBUG| (LoggingManagedHttpClientConnection.java) http.headers - http-outgoing-0 << Via: 1.1 varnish
[2020-02-23 23:22:39] [main] |DEBUG| (LoggingManagedHttpClientConnection.java) http.headers - http-outgoing-0 << Connection: keep-alive
[2020-02-23 23:22:39] [main] |DEBUG| (LoggingManagedHttpClientConnection.java) http.headers - http-outgoing-0 << X-Served-By: cache-hhn4032-HHN
[2020-02-23 23:22:39] [main] |DEBUG| (LoggingManagedHttpClientConnection.java) http.headers - http-outgoing-0 << X-Cache: HIT, HIT
[2020-02-23 23:22:39] [main] |DEBUG| (LoggingManagedHttpClientConnection.java) http.headers - http-outgoing-0 << X-Cache-Hits: 2, 1
[2020-02-23 23:22:39] [main] |DEBUG| (LoggingManagedHttpClientConnection.java) http.headers - http-outgoing-0 << X-Timer: S1582489355.144908,VS0,VE98
[2020-02-23 23:22:39] [main] |DEBUG| (LoggingManagedHttpClientConnection.java) http.headers - http-outgoing-0 << Vary: Authorization,Accept-Encoding
[2020-02-23 23:22:39] [main] |DEBUG| (LoggingManagedHttpClientConnection.java) http.headers - http-outgoing-0 << Access-Control-Allow-Origin: *
[2020-02-23 23:22:39] [main] |DEBUG| (LoggingManagedHttpClientConnection.java) http.headers - http-outgoing-0 << X-Fastly-Request-ID: ed3bcc55126befcbc6d69ca242c16bfc1ef8a151
[2020-02-23 23:22:39] [main] |DEBUG| (LoggingManagedHttpClientConnection.java) http.headers - http-outgoing-0 << Expires: Sun, 23 Feb 2020 20:27:35 GMT
[2020-02-23 23:22:39] [main] |DEBUG| (LoggingManagedHttpClientConnection.java) http.headers - http-outgoing-0 << Source-Age: 12
[2020-02-23 23:22:39] [main] |DEBUG| (MainClientExec.java) execchain.MainClientExec - Connection can be kept alive indefinitely
[2020-02-23 23:22:39] [main] |DEBUG| (PoolingHttpClientConnectionManager.java) conn.PoolingHttpClientConnectionManager - Connection [id: 0][route: {s}->https://raw.githubusercontent.com:443] can be kept alive indefinitely
[2020-02-23 23:22:39] [main] |DEBUG| (LoggingManagedHttpClientConnection.java) conn.DefaultManagedHttpClientConnection - http-outgoing-0: set socket timeout to 0
[2020-02-23 23:22:39] [main] |DEBUG| (PoolingHttpClientConnectionManager.java) conn.PoolingHttpClientConnectionManager - Connection released: [id: 0][route: {s}->https://raw.githubusercontent.com:443][total kept alive: 1; route allocated: 1 of 2; total allocated: 1 of 20]
[2020-02-23 23:22:44] [main] |DEBUG| (Log.java) myLogger - Webdriver opening url:https://disk.yandex.by/
[2020-02-23 23:22:46] [main] |INFO | (Log.java) myLogger - Taken screenshot C:\Programming\Projects\Task11\target\logs\1582489365776screenshot.jpg
[2020-02-23 23:22:46] [main] |DEBUG| (Log.java) myLogger - Click By.xpath: //*[contains(@class,'button_login')]
[2020-02-23 23:22:46] [main] |DEBUG| (Log.java) myLogger - Waiting for element to be clickable By.xpath: //*[contains(@class,'button_login')]
[2020-02-23 23:22:46] [main] |INFO | (Log.java) myLogger - Taken screenshot C:\Programming\Projects\Task11\target\logs\1582489366469screenshot.jpg
[2020-02-23 23:22:47] [main] |DEBUG| (Log.java) myLogger - Type nickTestQA in text fieldBy.xpath: //*[@id='passp-field-login']
[2020-02-23 23:22:47] [main] |DEBUG| (Log.java) myLogger - Waiting for visibility of element By.xpath: //*[@id='passp-field-login']
[2020-02-23 23:22:49] [main] |INFO | (Log.java) myLogger - Taken screenshot C:\Programming\Projects\Task11\target\logs\1582489367911screenshot.jpg
[2020-02-23 23:22:49] [main] |DEBUG| (Log.java) myLogger - Click By.xpath: //*[(contains(@class,'passp-button passp-sign-in-button'))]
[2020-02-23 23:22:49] [main] |DEBUG| (Log.java) myLogger - Waiting for element to be clickable By.xpath: //*[(contains(@class,'passp-button passp-sign-in-button'))]
[2020-02-23 23:22:50] [main] |INFO | (Log.java) myLogger - Taken screenshot C:\Programming\Projects\Task11\target\logs\1582489369321screenshot.jpg
[2020-02-23 23:22:50] [main] |DEBUG| (Log.java) myLogger - Type mytestpassword in text fieldBy.xpath: //*[@id='passp-field-passwd']
[2020-02-23 23:22:50] [main] |DEBUG| (Log.java) myLogger - Waiting for visibility of element By.xpath: //*[@id='passp-field-passwd']
[2020-02-23 23:22:52] [main] |INFO | (Log.java) myLogger - Taken screenshot C:\Programming\Projects\Task11\target\logs\1582489371319screenshot.jpg
[2020-02-23 23:22:52] [main] |DEBUG| (Log.java) myLogger - Click By.xpath: //*[(contains(@class,'button2_type_submit'))]
[2020-02-23 23:22:52] [main] |DEBUG| (Log.java) myLogger - Waiting for element to be clickable By.xpath: //*[(contains(@class,'button2_type_submit'))]
[2020-02-23 23:22:53] [main] |INFO | (Log.java) myLogger - Taken screenshot C:\Programming\Projects\Task11\target\logs\1582489372730screenshot.jpg
[2020-02-23 23:22:54] [main] |INFO | (Log.java) myLogger - Successful log in
[2020-02-23 23:22:54] [main] |DEBUG| (Log.java) myLogger - Finishing
